  Assembling main.asm...
main.asm(1): error A2044: invalid character in file
main.asm(2): error A2044: invalid character in file
main.asm(3): error A2008: syntax error : /
main.asm(4): error A2008: syntax error : /
main.asm(5): error A2044: invalid character in file
main.asm(6): error A2008: syntax error : /
main.asm(7): error A2008: syntax error : /
main.asm(8): error A2044: invalid character in file
main.asm(9): error A2044: invalid character in file
main.asm(10): error A2044: invalid character in file
main.asm(11): error A2044: invalid character in file
main.asm(12): error A2044: invalid character in file
main.asm(13): error A2044: invalid character in file
main.asm(14): error A2044: invalid character in file
main.asm(15): error A2044: invalid character in file
main.asm(16): error A2044: invalid character in file
main.asm(17): error A2044: invalid character in file
main.asm(18): error A2044: invalid character in file
main.asm(19): error A2044: invalid character in file
main.asm(20): error A2044: invalid character in file
main.asm(21): error A2044: invalid character in file
main.asm(22): error A2044: invalid character in file
main.asm(23): error A2044: invalid character in file
main.asm(24): error A2044: invalid character in file
main.asm(25): error A2044: invalid character in file
main.asm(26): error A2044: invalid character in file
main.asm(27): error A2044: invalid character in file
main.asm(28): error A2044: invalid character in file
main.asm(29): error A2044: invalid character in file
main.asm(30): error A2044: invalid character in file
main.asm(31): error A2044: invalid character in file
main.asm(32): error A2044: invalid character in file
main.asm(33): error A2044: invalid character in file
main.asm(34): error A2044: invalid character in file
main.asm(35): error A2044: invalid character in file
main.asm(36): error A2044: invalid character in file
main.asm(37): error A2044: invalid character in file
main.asm(38): error A2044: invalid character in file
main.asm(39): error A2044: invalid character in file
main.asm(40): error A2044: invalid character in file
main.asm(41): error A2044: invalid character in file
main.asm(42): error A2044: invalid character in file
main.asm(43): error A2044: invalid character in file
main.asm(44): error A2044: invalid character in file
main.asm(45): error A2044: invalid character in file
main.asm(46): error A2044: invalid character in file
main.asm(47): error A2044: invalid character in file
main.asm(48): error A2044: invalid character in file
main.asm(49): error A2044: invalid character in file
main.asm(50): error A2044: invalid character in file
main.asm(51): error A2044: invalid character in file
main.asm(52): error A2044: invalid character in file
main.asm(53): error A2044: invalid character in file
main.asm(54): error A2044: invalid character in file
main.asm(55): error A2044: invalid character in file
main.asm(56): error A2044: invalid character in file
main.asm(57): error A2044: invalid character in file
main.asm(58): error A2044: invalid character in file
main.asm(59): error A2044: invalid character in file
main.asm(60): error A2044: invalid character in file
main.asm(61): error A2044: invalid character in file
main.asm(62): error A2044: invalid character in file
main.asm(63): error A2044: invalid character in file
main.asm(64): error A2044: invalid character in file
main.asm(65): error A2044: invalid character in file
main.asm(66): error A2044: invalid character in file
main.asm(67): error A2044: invalid character in file
main.asm(68): error A2044: invalid character in file
main.asm(69): error A2044: invalid character in file
main.asm(70): error A2044: invalid character in file
main.asm(71): error A2044: invalid character in file
main.asm(72): error A2044: invalid character in file
main.asm(73): error A2044: invalid character in file
main.asm(74): error A2044: invalid character in file
main.asm(75): error A2044: invalid character in file
main.asm(76): error A2044: invalid character in file
main.asm(77): error A2044: invalid character in file
main.asm(78): error A2044: invalid character in file
main.asm(79): error A2044: invalid character in file
main.asm(80): error A2044: invalid character in file
main.asm(81): error A2044: invalid character in file
main.asm(82): error A2044: invalid character in file
main.asm(83): error A2044: invalid character in file
main.asm(84): error A2044: invalid character in file
main.asm(85): error A2044: invalid character in file
main.asm(86): error A2044: invalid character in file
main.asm(87): error A2044: invalid character in file
main.asm(88): error A2044: invalid character in file
main.asm(89): error A2044: invalid character in file
main.asm(90): error A2044: invalid character in file
main.asm(91): error A2044: invalid character in file
main.asm(92): error A2044: invalid character in file
main.asm(93): error A2044: invalid character in file
main.asm(94): error A2044: invalid character in file
main.asm(95): error A2044: invalid character in file
main.asm(96): error A2044: invalid character in file
main.asm(97): error A2044: invalid character in file
main.asm(98): error A2044: invalid character in file
main.asm(99): error A2044: invalid character in file
main.asm(100): error A2044: invalid character in file
main.asm(101): fatal error A1012: error count exceeds 100; stopping assembly
C:\Program Files\Microsoft Visual Studio\2022\Community\MSBuild\Microsoft\VC\v170\BuildCustomizations\masm.targets(70,5): error MSB3721: выход из команды "ml64.exe /c /nologo /Zi /Fo"x64\Debug\main.obj" /W3 /errorReport:prompt  /Tamain.asm" с кодом "1".
