d:\[8] учёба\[90] oop\что-то типо тетриса\tetris\x64\debug\vc143.pdb
d:\[8] учёба\[90] oop\что-то типо тетриса\tetris\x64\debug\vc143.idb
d:\[8] учёба\[90] oop\что-то типо тетриса\tetris\x64\debug\block.nativecodeanalysis.sarif
d:\[8] учёба\[90] oop\что-то типо тетриса\tetris\x64\debug\block.nativecodeanalysis.xml
d:\[8] учёба\[90] oop\что-то типо тетриса\tetris\x64\debug\gamewindow.nativecodeanalysis.sarif
d:\[8] учёба\[90] oop\что-то типо тетриса\tetris\x64\debug\gamewindow.nativecodeanalysis.xml
d:\[8] учёба\[90] oop\что-то типо тетриса\tetris\x64\debug\tetris.nativecodeanalysis.sarif
d:\[8] учёба\[90] oop\что-то типо тетриса\tetris\x64\debug\tetris.nativecodeanalysis.xml
d:\[8] учёба\[90] oop\что-то типо тетриса\tetris\x64\debug\tetris.obj
d:\[8] учёба\[90] oop\что-то типо тетриса\tetris\x64\debug\gamewindow.obj
d:\[8] учёба\[90] oop\что-то типо тетриса\tetris\x64\debug\block.obj
d:\[8] учёба\[90] oop\что-то типо тетриса\x64\debug\tetris.exe
d:\[8] учёба\[90] oop\что-то типо тетриса\x64\debug\tetris.pdb
d:\[8] учёба\[90] oop\что-то типо тетриса\tetris\x64\debug\tetris.ilk
d:\[8] учёба\[90] oop\что-то типо тетриса\tetris\x64\debug\vc.nativecodeanalysis.all.xml
d:\[8] учёба\[90] oop\что-то типо тетриса\tetris\x64\debug\tetris.tlog\cl.command.1.tlog
d:\[8] учёба\[90] oop\что-то типо тетриса\tetris\x64\debug\tetris.tlog\cl.items.tlog
d:\[8] учёба\[90] oop\что-то типо тетриса\tetris\x64\debug\tetris.tlog\cl.read.1.tlog
d:\[8] учёба\[90] oop\что-то типо тетриса\tetris\x64\debug\tetris.tlog\cl.write.1.tlog
d:\[8] учёба\[90] oop\что-то типо тетриса\tetris\x64\debug\tetris.tlog\link.command.1.tlog
d:\[8] учёба\[90] oop\что-то типо тетриса\tetris\x64\debug\tetris.tlog\link.read.1.tlog
d:\[8] учёба\[90] oop\что-то типо тетриса\tetris\x64\debug\tetris.tlog\link.secondary.1.tlog
d:\[8] учёба\[90] oop\что-то типо тетриса\tetris\x64\debug\tetris.tlog\link.write.1.tlog
